#
# A fatal error has been detected by the Java Runtime Environment:
#
#  EXCEPTION_ACCESS_VIOLATION (0xc0000005) at pc=0x6593a3ae, pid=7148, tid=5160
#
# JRE version: Java(TM) SE Runtime Environment (8.0_25-b18) (build 1.8.0_25-b18)
# Java VM: Java HotSpot(TM) Client VM (25.25-b02 mixed mode, sharing windows-x86 )
# Problematic frame:
# V  [jvm.dll+0xda3ae]
#
# Failed to write core dump. Minidumps are not enabled by default on client versions of Windows
#
# If you would like to submit a bug report, please visit:
#   http://bugreport.sun.com/bugreport/crash.jsp
#

---------------  T H R E A D  ---------------

Current thread (0x0019bc00):  JavaThread "main" [_thread_in_vm, id=5160, stack(0x02080000,0x020d0000)]

siginfo: ExceptionCode=0xc0000005, reading address 0x00000000

Registers:
EAX=0x00000000, EBX=0x00000000, ECX=0x0019bc00, EDX=0x00000075
ESP=0x020cf7b8, EBP=0x020cf7d4, ESI=0x00000000, EDI=0x0019bc00
EIP=0x6593a3ae, EFLAGS=0x00010246

Top of Stack: (sp=0x020cf7b8)
0x020cf7b8:   020cf844 0019bd38 00000000 0019bc00
0x020cf7c8:   0019c608 00000075 65b27f78 020cf810
0x020cf7d8:   02042506 0019bd38 00000000 00000000
0x020cf7e8:   fffff572 160348a4 00000000 0019bd38
0x020cf7f8:   14df17a0 00000000 00000800 0000f550
0x020cf808:   160348a4 fffff572 020cf878 02041ac6
0x020cf818:   5464c963 00045e1f 0000f572 0000f572
0x020cf828:   16033e16 020cf844 0019bc00 14df17a0 

Instructions: (pc=0x6593a3ae)
0x6593a38e:   c4 08 83 7f 04 00 89 7d f0 c7 45 f4 00 00 00 00
0x6593a39e:   74 08 8d 4d f0 e8 b8 af 0b 00 8b 75 10 8b 45 0c
0x6593a3ae:   8b 10 85 f6 78 32 8b 45 14 85 c0 78 2b 8d 0c 06
0x6593a3be:   3b 4a 08 77 23 85 c0 7e 3b 8b 4a 04 8b 49 04 83 


Register to memory mapping:

EAX=0x00000000 is an unknown value
EBX=0x00000000 is an unknown value
ECX=0x0019bc00 is a thread
EDX=0x00000075 is an unknown value
ESP=0x020cf7b8 is pointing into the stack for thread: 0x0019bc00
EBP=0x020cf7d4 is pointing into the stack for thread: 0x0019bc00
ESI=0x00000000 is an unknown value
EDI=0x0019bc00 is a thread


Stack: [0x02080000,0x020d0000],  sp=0x020cf7b8,  free space=317k
Native frames: (J=compiled Java code, j=interpreted, Vv=VM code, C=native code)
V  [jvm.dll+0xda3ae]
C  [Jpcap.dll+0x2506]
C  [Jpcap.dll+0x1ac6]
j  netcq.NetCQ.capturing()V+209
j  netcq.NetCQ.main([Ljava/lang/String;)V+0
v  ~StubRoutines::call_stub
V  [jvm.dll+0x147285]
V  [jvm.dll+0x20d19e]
V  [jvm.dll+0x14731e]
V  [jvm.dll+0xd0957]
V  [jvm.dll+0xd8eff]
C  [java.exe+0x20fd]
C  [java.exe+0xab91]
C  [java.exe+0xac1b]
C  [kernel32.dll+0x13677]
C  [ntdll.dll+0x39d72]
C  [ntdll.dll+0x39d45]
C  0x00000000

Java frames: (J=compiled Java code, j=interpreted, Vv=VM code)
j  jpcap.JpcapCaptor.getPacket()Ljpcap/packet/Packet;+0
j  netcq.NetCQ.capturing()V+209
j  netcq.NetCQ.main([Ljava/lang/String;)V+0
v  ~StubRoutines::call_stub

---------------  P R O C E S S  ---------------

Java Threads: ( => current thread )
  0x0082f000 JavaThread "Service Thread" daemon [_thread_blocked, id=7160, stack(0x15af0000,0x15b40000)]
  0x007fd800 JavaThread "C1 CompilerThread0" daemon [_thread_blocked, id=5360, stack(0x158c0000,0x15910000)]
  0x007fb000 JavaThread "Attach Listener" daemon [_thread_blocked, id=6924, stack(0x15920000,0x15970000)]
  0x007fa000 JavaThread "Signal Dispatcher" daemon [_thread_blocked, id=7244, stack(0x15790000,0x157e0000)]
  0x00783400 JavaThread "Finalizer" daemon [_thread_blocked, id=7268, stack(0x15020000,0x15070000)]
  0x00782000 JavaThread "Reference Handler" daemon [_thread_blocked, id=6400, stack(0x04510000,0x04560000)]
=>0x0019bc00 JavaThread "main" [_thread_in_vm, id=5160, stack(0x02080000,0x020d0000)]

Other Threads:
  0x0077fc00 VMThread [stack: 0x15130000,0x15180000] [id=4600]
  0x00830000 WatcherThread [stack: 0x159b0000,0x15a00000] [id=7872]

VM state:not at safepoint (normal execution)

VM Mutex/Monitor currently owned by a thread: None

Heap:
 def new generation   total 4928K, used 1290K [0x04600000, 0x04b50000, 0x09b50000)
  eden space 4416K,  29% used [0x04600000, 0x047429c8, 0x04a50000)
  from space 512K,   0% used [0x04a50000, 0x04a50000, 0x04ad0000)
  to   space 512K,   0% used [0x04ad0000, 0x04ad0000, 0x04b50000)
 tenured generation   total 10944K, used 0K [0x09b50000, 0x0a600000, 0x14600000)
   the space 10944K,   0% used [0x09b50000, 0x09b50000, 0x09b50200, 0x0a600000)
 Metaspace       used 121K, capacity 2288K, committed 2368K, reserved 4480K

Card table byte_map: [0x04440000,0x044d0000] byte_map_base: 0x0441d000

Polling page: 0x001f0000

CodeCache: size=32768Kb used=716Kb max_used=716Kb free=32051Kb
 bounds [0x02440000, 0x024f8000, 0x04440000]
 total_blobs=179 nmethods=37 adapters=74
 compilation: enabled

Compilation events (10 events):
Event: 4.840 Thread 0x007fd800   33             java.lang.String::startsWith (72 bytes)
Event: 4.840 Thread 0x007fd800 nmethod 33 0x024f1c88 code [0x024f1d90, 0x024f1ec0]
Event: 4.912 Thread 0x007fd800   34             java.lang.String::getChars (62 bytes)
Event: 4.913 Thread 0x007fd800 nmethod 34 0x024f2008 code [0x024f2140, 0x024f2360]
Event: 4.914 Thread 0x007fd800   35             java.lang.Integer::stringSize (21 bytes)
Event: 4.914 Thread 0x007fd800 nmethod 35 0x024f2548 code [0x024f2640, 0x024f26f0]
Event: 4.915 Thread 0x007fd800   36             java.lang.Integer::getChars (131 bytes)
Event: 4.916 Thread 0x007fd800 nmethod 36 0x024f27c8 code [0x024f28f0, 0x024f2b00]
Event: 4.918 Thread 0x007fd800   37             java.lang.String::<init> (62 bytes)
Event: 4.919 Thread 0x007fd800 nmethod 37 0x024f2e88 code [0x024f2fc0, 0x024f3190]

GC Heap History (0 events):
No events

Deoptimization events (0 events):
No events

Internal exceptions (9 events):
Event: 0.013 Thread 0x0019bc00 Exception <a 'java/lang/NoSuchMethodError': Method sun.misc.Unsafe.defineClass(Ljava/lang/String;[BII)Ljava/lang/Class; name or signature does not match> (0x0460b250) thrown at [C:\re\workspace\8-2-build-windows-i586-cygwin\jdk8u25\1677\hotspot\src\share\vâè‡UÔÇã?
Event: 0.013 Thread 0x0019bc00 Exception <a 'java/lang/NoSuchMethodError': Method sun.misc.Unsafe.prefetchRead(Ljava/lang/Object;J)V name or signature does not match> (0x0460b4d0) thrown at [C:\re\workspace\8-2-build-windows-i586-cygwin\jdk8u25\1677\hotspot\src\share\vm\prims\jni.cpp, lê÷j46•µ?
Event: 0.085 Thread 0x0019bc00 Exception <a 'java/util/zip/ZipException'> (0x046c4c80) thrown at [C:\re\workspace\8-2-build-windows-i586-cygwin\jdk8u25\1677\hotspot\src\share\vm\prims\jni.cpp, line 716]
Event: 0.085 Thread 0x0019bc00 Exception <a 'java/security/PrivilegedActionException'> (0x046c4ea8) thrown at [C:\re\workspace\8-2-build-windows-i586-cygwin\jdk8u25\1677\hotspot\src\share\vm\prims\jvm.cpp, line 1312]
Event: 0.085 Thread 0x0019bc00 Exception <a 'java/security/PrivilegedActionException'> (0x046c5058) thrown at [C:\re\workspace\8-2-build-windows-i586-cygwin\jdk8u25\1677\hotspot\src\share\vm\prims\jvm.cpp, line 1312]
Event: 0.087 Thread 0x0019bc00 Exception <a 'java/security/PrivilegedActionException'> (0x046cd8c8) thrown at [C:\re\workspace\8-2-build-windows-i586-cygwin\jdk8u25\1677\hotspot\src\share\vm\prims\jvm.cpp, line 1312]
Event: 4.838 Thread 0x0019bc00 Exception <a 'java/security/PrivilegedActionException'> (0x04714b88) thrown at [C:\re\workspace\8-2-build-windows-i586-cygwin\jdk8u25\1677\hotspot\src\share\vm\prims\jvm.cpp, line 1312]
Event: 4.842 Thread 0x0019bc00 Exception <a 'java/security/PrivilegedActionException'> (0x04717868) thrown at [C:\re\workspace\8-2-build-windows-i586-cygwin\jdk8u25\1677\hotspot\src\share\vm\prims\jvm.cpp, line 1312]
Event: 4.967 Thread 0x0019bc00 Exception <a 'java/lang/NegativeArraySizeException'> (0x0472f290) thrown at [C:\re\workspace\8-2-build-windows-i586-cygwin\jdk8u25\1677\hotspot\src\share\vm\oops\typeArrayKlass.cpp, line 117]

Events (10 events):
Event: 4.771 loading class jpcap/packet/IPv6Option
Event: 4.771 loading class jpcap/packet/IPv6Option done
Event: 4.773 loading class jpcap/packet/ARPPacket
Event: 4.773 loading class jpcap/packet/ARPPacket done
Event: 4.838 loading class netcq/mapStore
Event: 4.838 loading class netcq/mapStore done
Event: 4.842 loading class netcq/PacketData
Event: 4.842 loading class netcq/PacketData done
Event: 4.920 loading class java/lang/NegativeArraySizeException
Event: 4.966 loading class java/lang/NegativeArraySizeException done


Dynamic libraries:
0x00220000 - 0x00250000 	C:\Program Files (x86)\Java\jdk1.8.0_25\bin\java.exe
0x775a0000 - 0x77720000 	C:\Windows\SysWOW64\ntdll.dll
0x75200000 - 0x75300000 	C:\Windows\syswow64\kernel32.dll
0x755b0000 - 0x755f6000 	C:\Windows\syswow64\KERNELBASE.dll
0x76d10000 - 0x76db0000 	C:\Windows\syswow64\ADVAPI32.dll
0x75d90000 - 0x75e3c000 	C:\Windows\syswow64\msvcrt.dll
0x77060000 - 0x77079000 	C:\Windows\SysWOW64\sechost.dll
0x75b40000 - 0x75c30000 	C:\Windows\syswow64\RPCRT4.dll
0x75110000 - 0x75170000 	C:\Windows\syswow64\SspiCli.dll
0x75100000 - 0x7510c000 	C:\Windows\syswow64\CRYPTBASE.dll
0x75830000 - 0x75930000 	C:\Windows\syswow64\USER32.dll
0x75630000 - 0x756c0000 	C:\Windows\syswow64\GDI32.dll
0x753b0000 - 0x753ba000 	C:\Windows\syswow64\LPK.dll
0x76db0000 - 0x76e4d000 	C:\Windows\syswow64\USP10.dll
0x72d70000 - 0x72f0e000 	C:\Windows\WinSxS\x86_microsoft.windows.common-controls_6595b64144ccf1df_6.0.7600.16385_none_421189da2b7fabfc\COMCTL32.dll
0x75350000 - 0x753a7000 	C:\Windows\syswow64\SHLWAPI.dll
0x75c30000 - 0x75c90000 	C:\Windows\system32\IMM32.DLL
0x75760000 - 0x7582c000 	C:\Windows\syswow64\MSCTF.dll
0x67390000 - 0x6744f000 	C:\Program Files (x86)\Java\jdk1.8.0_25\jre\bin\msvcr100.dll
0x65860000 - 0x65c04000 	C:\Program Files (x86)\Java\jdk1.8.0_25\jre\bin\client\jvm.dll
0x71c80000 - 0x71c87000 	C:\Windows\system32\WSOCK32.dll
0x753d0000 - 0x75405000 	C:\Windows\syswow64\WS2_32.dll
0x75750000 - 0x75756000 	C:\Windows\syswow64\NSI.dll
0x73060000 - 0x73092000 	C:\Windows\system32\WINMM.dll
0x753c0000 - 0x753c5000 	C:\Windows\syswow64\PSAPI.DLL
0x73ca0000 - 0x73cac000 	C:\Program Files (x86)\Java\jdk1.8.0_25\jre\bin\verify.dll
0x674e0000 - 0x67501000 	C:\Program Files (x86)\Java\jdk1.8.0_25\jre\bin\java.dll
0x67fc0000 - 0x67fd3000 	C:\Program Files (x86)\Java\jdk1.8.0_25\jre\bin\zip.dll
0x760c0000 - 0x76d09000 	C:\Windows\syswow64\SHELL32.dll
0x75930000 - 0x75a8c000 	C:\Windows\syswow64\ole32.dll
0x72f10000 - 0x72f1b000 	C:\Windows\system32\profapi.dll
0x02040000 - 0x02068000 	C:\Program Files (x86)\Java\jdk1.8.0_25\bin\Jpcap.dll
0x157e0000 - 0x1582c000 	C:\Windows\system32\wpcap.dll
0x044d0000 - 0x044e8000 	C:\Windows\system32\packet.dll
0x72f20000 - 0x72f29000 	C:\Windows\system32\VERSION.dll
0x72550000 - 0x7256c000 	C:\Windows\system32\iphlpapi.dll
0x72540000 - 0x72547000 	C:\Windows\system32\WINNSI.DLL
0x723d0000 - 0x723dd000 	C:\Windows\system32\dhcpcsvc6.DLL
0x723e0000 - 0x723f2000 	C:\Windows\system32\dhcpcsvc.DLL
0x67fa0000 - 0x67fb5000 	C:\Program Files (x86)\Java\jdk1.8.0_25\jre\bin\net.dll
0x72390000 - 0x723cc000 	C:\Windows\system32\mswsock.dll
0x74250000 - 0x74256000 	C:\Windows\System32\wship6.dll
0x66900000 - 0x669eb000 	C:\Windows\system32\dbghelp.dll

VM Arguments:
jvm_args: -Dfile.encoding=windows-1256 
java_command: netcq.NetCQ
java_class_path (initial): D:\pexample\java\NetCQ\lib\jpcap.jar;D:\pexample\java\NetCQ\lib\javax.ws.rs.jar;D:\pexample\java\NetCQ\build\classes
Launcher Type: SUN_STANDARD

Environment Variables:
JAVA_HOME=C:\Program Files\Java\jdk1.8.0_25\bin;
CLASSPATH=C:\Program Files\Java\junit;
PATH=C:\ProgramData\Oracle\Java\javapath;C:\Program Files\Dell\DW WLAN Card;C:\Windows\system32;C:\Windows;C:\Windows\System32\Wbem;C:\Windows\System32\WindowsPowerShell\v1.0\;C:\Program Files (x86)\ATI Technologies\ATI.ACE\Core-Static;C:\Python27;C:\Program Files\MATLAB\R2010b\runtime\win64;C:\Program Files\MATLAB\R2010b\bin;C:\Program Files\MATLAB\R2010b\bin;C:\Julia-0.3.1;C:\Program Files\Java\jdk1.8.0_25\bin;C:\Program Files\Java\jre1.8.0_25\bin;C:\Program Files (x86)\Java\jre1.8.0_25\bin;
USERNAME=User
OS=Windows_NT
PROCESSOR_IDENTIFIER=Intel64 Family 6 Model 42 Stepping 7, GenuineIntel



---------------  S Y S T E M  ---------------

OS: Windows 7 , 64 bit Build 7600 

CPU:total 4 (2 cores per cpu, 2 threads per core) family 6 model 42 stepping 7, cmov, cx8, fxsr, mmx, sse, sse2, sse3, ssse3, sse4.1, sse4.2, popcnt, clmul, ht, tsc, tscinvbit

Memory: 4k page, physical 4100368k(1108184k free), swap 8198840k(4848060k free)

vm_info: Java HotSpot(TM) Client VM (25.25-b02) for windows-x86 JRE (1.8.0_25-b18), built on Oct  7 2014 14:31:05 by "java_re" with MS VC++ 10.0 (VS2010)

time: Thu Nov 13 20:38:19 2014
elapsed time: 5 seconds (0d 0h 0m 5s)

